执行日期：2017-12-31-20：%M：%S
【succsss】:
<xml><appid><![CDATA[wx516f37a4da9dab5b]]></appid>
<bank_type><![CDATA[CFT]]></bank_type>
<cash_fee><![CDATA[1]]></cash_fee>
<device_info><![CDATA[WEB]]></device_info>
<fee_type><![CDATA[CNY]]></fee_type>
<is_subscribe><![CDATA[N]]></is_subscribe>
<mch_id><![CDATA[1489675582]]></mch_id>
<nonce_str><![CDATA[dvoybvmklssnyjvp3potyd4grs1ie2iw]]></nonce_str>
<openid><![CDATA[oeZMF0X79qvpMXxeEWKFBjFITfAs]]></openid>
<out_trade_no><![CDATA[tushang23]]></out_trade_no>
<result_code><![CDATA[SUCCESS]]></result_code>
<return_code><![CDATA[SUCCESS]]></return_code>
<sign><![CDATA[FC95BF91FC1CB3E25906C3EBA9B32F59]]></sign>
<time_end><![CDATA[20171231202322]]></time_end>
<total_fee>1</total_fee>
<trade_type><![CDATA[JSAPI]]></trade_type>
<transaction_id><![CDATA[4200000011201712315327545510]]></transaction_id>
</xml>


执行日期：2018-01-01-11：%M：%S
【succsss】:
<xml><appid><![CDATA[wx516f37a4da9dab5b]]></appid>
<bank_type><![CDATA[CFT]]></bank_type>
<cash_fee><![CDATA[1]]></cash_fee>
<device_info><![CDATA[WEB]]></device_info>
<fee_type><![CDATA[CNY]]></fee_type>
<is_subscribe><![CDATA[N]]></is_subscribe>
<mch_id><![CDATA[1489675582]]></mch_id>
<nonce_str><![CDATA[wjlxpb4b6oamqedkhj7l334rxs3ueiix]]></nonce_str>
<openid><![CDATA[oeZMF0X79qvpMXxeEWKFBjFITfAs]]></openid>
<out_trade_no><![CDATA[tushang24]]></out_trade_no>
<result_code><![CDATA[SUCCESS]]></result_code>
<return_code><![CDATA[SUCCESS]]></return_code>
<sign><![CDATA[95DD6761622173177E04A338F4FEBBE4]]></sign>
<time_end><![CDATA[20180101112846]]></time_end>
<total_fee>1</total_fee>
<trade_type><![CDATA[JSAPI]]></trade_type>
<transaction_id><![CDATA[4200000017201801015678615462]]></transaction_id>
</xml>


执行日期：2018-01-01-11：%M：%S
【succsss】:
<xml><appid><![CDATA[wx516f37a4da9dab5b]]></appid>
<bank_type><![CDATA[CFT]]></bank_type>
<cash_fee><![CDATA[1]]></cash_fee>
<device_info><![CDATA[WEB]]></device_info>
<fee_type><![CDATA[CNY]]></fee_type>
<is_subscribe><![CDATA[N]]></is_subscribe>
<mch_id><![CDATA[1489675582]]></mch_id>
<nonce_str><![CDATA[u110j77cjchbv40ny6pby1nfbww9z7dr]]></nonce_str>
<openid><![CDATA[oeZMF0X79qvpMXxeEWKFBjFITfAs]]></openid>
<out_trade_no><![CDATA[tushang25]]></out_trade_no>
<result_code><![CDATA[SUCCESS]]></result_code>
<return_code><![CDATA[SUCCESS]]></return_code>
<sign><![CDATA[A345E71AC8D5536ECD6A4B15A88002D9]]></sign>
<time_end><![CDATA[20180101113512]]></time_end>
<total_fee>1</total_fee>
<trade_type><![CDATA[JSAPI]]></trade_type>
<transaction_id><![CDATA[4200000012201801015800568442]]></transaction_id>
</xml>


执行日期：2018-01-01-11：%M：%S
【succsss】:
<xml><appid><![CDATA[wx516f37a4da9dab5b]]></appid>
<bank_type><![CDATA[CFT]]></bank_type>
<cash_fee><![CDATA[1]]></cash_fee>
<device_info><![CDATA[WEB]]></device_info>
<fee_type><![CDATA[CNY]]></fee_type>
<is_subscribe><![CDATA[N]]></is_subscribe>
<mch_id><![CDATA[1489675582]]></mch_id>
<nonce_str><![CDATA[1fti0hhoayuvq2vpy7v8jjwk312ykjuo]]></nonce_str>
<openid><![CDATA[oeZMF0X79qvpMXxeEWKFBjFITfAs]]></openid>
<out_trade_no><![CDATA[tushang26]]></out_trade_no>
<result_code><![CDATA[SUCCESS]]></result_code>
<return_code><![CDATA[SUCCESS]]></return_code>
<sign><![CDATA[201CE870C149A3C68695CD10FFCFFD36]]></sign>
<time_end><![CDATA[20180101113800]]></time_end>
<total_fee>1</total_fee>
<trade_type><![CDATA[JSAPI]]></trade_type>
<transaction_id><![CDATA[4200000018201801015787166377]]></transaction_id>
</xml>


执行日期：2018-01-01-11：%M：%S
【succsss】:
<xml><appid><![CDATA[wx516f37a4da9dab5b]]></appid>
<bank_type><![CDATA[CFT]]></bank_type>
<cash_fee><![CDATA[1]]></cash_fee>
<device_info><![CDATA[WEB]]></device_info>
<fee_type><![CDATA[CNY]]></fee_type>
<is_subscribe><![CDATA[N]]></is_subscribe>
<mch_id><![CDATA[1489675582]]></mch_id>
<nonce_str><![CDATA[933svcn5327gwd6hq7uqyud6fj1lnjod]]></nonce_str>
<openid><![CDATA[oeZMF0aZH68m6LM3qT0_whG3qqv8]]></openid>
<out_trade_no><![CDATA[tushang27]]></out_trade_no>
<result_code><![CDATA[SUCCESS]]></result_code>
<return_code><![CDATA[SUCCESS]]></return_code>
<sign><![CDATA[F89C1D58F28B364B5A6F579F5C756DA2]]></sign>
<time_end><![CDATA[20180101114350]]></time_end>
<total_fee>1</total_fee>
<trade_type><![CDATA[JSAPI]]></trade_type>
<transaction_id><![CDATA[4200000012201801015687847539]]></transaction_id>
</xml>


执行日期：2018-01-01-11：%M：%S
【succsss】:
<xml><appid><![CDATA[wx516f37a4da9dab5b]]></appid>
<bank_type><![CDATA[CFT]]></bank_type>
<cash_fee><![CDATA[1]]></cash_fee>
<device_info><![CDATA[WEB]]></device_info>
<fee_type><![CDATA[CNY]]></fee_type>
<is_subscribe><![CDATA[N]]></is_subscribe>
<mch_id><![CDATA[1489675582]]></mch_id>
<nonce_str><![CDATA[rob4ewezzaicosq5glo9ntvqej7rgqvp]]></nonce_str>
<openid><![CDATA[oeZMF0aZH68m6LM3qT0_whG3qqv8]]></openid>
<out_trade_no><![CDATA[tushang28]]></out_trade_no>
<result_code><![CDATA[SUCCESS]]></result_code>
<return_code><![CDATA[SUCCESS]]></return_code>
<sign><![CDATA[06A0B9A2AA2916C2DCA03C1CFDD645D4]]></sign>
<time_end><![CDATA[20180101114457]]></time_end>
<total_fee>1</total_fee>
<trade_type><![CDATA[JSAPI]]></trade_type>
<transaction_id><![CDATA[4200000002201801015755062263]]></transaction_id>
</xml>


执行日期：2018-01-01-11：%M：%S
【succsss】:
<xml><appid><![CDATA[wx516f37a4da9dab5b]]></appid>
<bank_type><![CDATA[CFT]]></bank_type>
<cash_fee><![CDATA[1]]></cash_fee>
<device_info><![CDATA[WEB]]></device_info>
<fee_type><![CDATA[CNY]]></fee_type>
<is_subscribe><![CDATA[N]]></is_subscribe>
<mch_id><![CDATA[1489675582]]></mch_id>
<nonce_str><![CDATA[r3im4446f3of0teyc8zoh816ckgkkhtq]]></nonce_str>
<openid><![CDATA[oeZMF0aZH68m6LM3qT0_whG3qqv8]]></openid>
<out_trade_no><![CDATA[tushang29]]></out_trade_no>
<result_code><![CDATA[SUCCESS]]></result_code>
<return_code><![CDATA[SUCCESS]]></return_code>
<sign><![CDATA[D46A005FACD7DC3E43ED57AB54E0374F]]></sign>
<time_end><![CDATA[20180101114530]]></time_end>
<total_fee>1</total_fee>
<trade_type><![CDATA[JSAPI]]></trade_type>
<transaction_id><![CDATA[4200000002201801015759677528]]></transaction_id>
</xml>


执行日期：2018-01-02-14：%M：%S
【succsss】:
<xml><appid><![CDATA[wx516f37a4da9dab5b]]></appid>
<bank_type><![CDATA[GDB_CREDIT]]></bank_type>
<cash_fee><![CDATA[188]]></cash_fee>
<device_info><![CDATA[WEB]]></device_info>
<fee_type><![CDATA[CNY]]></fee_type>
<is_subscribe><![CDATA[N]]></is_subscribe>
<mch_id><![CDATA[1489675582]]></mch_id>
<nonce_str><![CDATA[8dnv8tsi70o7m1dy4hm2v6rza1x0rqib]]></nonce_str>
<openid><![CDATA[oeZMF0VtrkxLo-AhTbTmXO4c0MJc]]></openid>
<out_trade_no><![CDATA[tushang31]]></out_trade_no>
<result_code><![CDATA[SUCCESS]]></result_code>
<return_code><![CDATA[SUCCESS]]></return_code>
<sign><![CDATA[C2D2170A9DC264E66976FCB3386E6036]]></sign>
<time_end><![CDATA[20180102145029]]></time_end>
<total_fee>188</total_fee>
<trade_type><![CDATA[JSAPI]]></trade_type>
<transaction_id><![CDATA[4200000006201801026605624678]]></transaction_id>
</xml>


执行日期：2018-01-06-10：%M：%S
【succsss】:
<xml><appid><![CDATA[wx516f37a4da9dab5b]]></appid>
<bank_type><![CDATA[GDB_CREDIT]]></bank_type>
<cash_fee><![CDATA[188]]></cash_fee>
<device_info><![CDATA[WEB]]></device_info>
<fee_type><![CDATA[CNY]]></fee_type>
<is_subscribe><![CDATA[N]]></is_subscribe>
<mch_id><![CDATA[1489675582]]></mch_id>
<nonce_str><![CDATA[jc8ll0y4vj4mdoqk0xuoybj2bxul90kf]]></nonce_str>
<openid><![CDATA[oeZMF0VtrkxLo-AhTbTmXO4c0MJc]]></openid>
<out_trade_no><![CDATA[tushang42]]></out_trade_no>
<result_code><![CDATA[SUCCESS]]></result_code>
<return_code><![CDATA[SUCCESS]]></return_code>
<sign><![CDATA[C8C20CD628C66ADEE490BA0B94600AAB]]></sign>
<time_end><![CDATA[20180106104038]]></time_end>
<total_fee>188</total_fee>
<trade_type><![CDATA[JSAPI]]></trade_type>
<transaction_id><![CDATA[4200000015201801068923056858]]></transaction_id>
</xml>


执行日期：2018-01-06-10：%M：%S
【succsss】:
<xml><appid><![CDATA[wx516f37a4da9dab5b]]></appid>
<bank_type><![CDATA[GDB_CREDIT]]></bank_type>
<cash_fee><![CDATA[188]]></cash_fee>
<device_info><![CDATA[WEB]]></device_info>
<fee_type><![CDATA[CNY]]></fee_type>
<is_subscribe><![CDATA[N]]></is_subscribe>
<mch_id><![CDATA[1489675582]]></mch_id>
<nonce_str><![CDATA[e8yaxw31f9cva992jzs7gebkl7xvd351]]></nonce_str>
<openid><![CDATA[oeZMF0VtrkxLo-AhTbTmXO4c0MJc]]></openid>
<out_trade_no><![CDATA[tushang43]]></out_trade_no>
<result_code><![CDATA[SUCCESS]]></result_code>
<return_code><![CDATA[SUCCESS]]></return_code>
<sign><![CDATA[37CF7A60708299553DD1811D84F03530]]></sign>
<time_end><![CDATA[20180106104515]]></time_end>
<total_fee>188</total_fee>
<trade_type><![CDATA[JSAPI]]></trade_type>
<transaction_id><![CDATA[4200000022201801068939519399]]></transaction_id>
</xml>


执行日期：2018-01-06-10：%M：%S
【succsss】:
<xml><appid><![CDATA[wx516f37a4da9dab5b]]></appid>
<bank_type><![CDATA[CFT]]></bank_type>
<cash_fee><![CDATA[188]]></cash_fee>
<device_info><![CDATA[WEB]]></device_info>
<fee_type><![CDATA[CNY]]></fee_type>
<is_subscribe><![CDATA[N]]></is_subscribe>
<mch_id><![CDATA[1489675582]]></mch_id>
<nonce_str><![CDATA[8tw359o0gdq0uduxdt6nbas1hq2zplwi]]></nonce_str>
<openid><![CDATA[oeZMF0X79qvpMXxeEWKFBjFITfAs]]></openid>
<out_trade_no><![CDATA[tushang44]]></out_trade_no>
<result_code><![CDATA[SUCCESS]]></result_code>
<return_code><![CDATA[SUCCESS]]></return_code>
<sign><![CDATA[FC8AED8C1217AA00A8B974A01133F3E2]]></sign>
<time_end><![CDATA[20180106105655]]></time_end>
<total_fee>188</total_fee>
<trade_type><![CDATA[JSAPI]]></trade_type>
<transaction_id><![CDATA[4200000003201801068967550355]]></transaction_id>
</xml>


执行日期：2018-01-06-18：%M：%S
【succsss】:
<xml><appid><![CDATA[wx516f37a4da9dab5b]]></appid>
<bank_type><![CDATA[CFT]]></bank_type>
<cash_fee><![CDATA[1]]></cash_fee>
<device_info><![CDATA[WEB]]></device_info>
<fee_type><![CDATA[CNY]]></fee_type>
<is_subscribe><![CDATA[N]]></is_subscribe>
<mch_id><![CDATA[1489675582]]></mch_id>
<nonce_str><![CDATA[gvgbnwhjmz9mj0zbkg771mryvjsfcw6k]]></nonce_str>
<openid><![CDATA[oeZMF0ZENOReFvcU6FBoLU_NHEbo]]></openid>
<out_trade_no><![CDATA[tushang7]]></out_trade_no>
<result_code><![CDATA[SUCCESS]]></result_code>
<return_code><![CDATA[SUCCESS]]></return_code>
<sign><![CDATA[D0FDEDD1EE24221071BD1D3956EA1400]]></sign>
<time_end><![CDATA[20180106181138]]></time_end>
<total_fee>1</total_fee>
<trade_type><![CDATA[JSAPI]]></trade_type>
<transaction_id><![CDATA[4200000013201801069378045414]]></transaction_id>
</xml>


执行日期：2018-01-06-18：%M：%S
【succsss】:
<xml><appid><![CDATA[wx516f37a4da9dab5b]]></appid>
<bank_type><![CDATA[CFT]]></bank_type>
<cash_fee><![CDATA[1]]></cash_fee>
<device_info><![CDATA[WEB]]></device_info>
<fee_type><![CDATA[CNY]]></fee_type>
<is_subscribe><![CDATA[N]]></is_subscribe>
<mch_id><![CDATA[1489675582]]></mch_id>
<nonce_str><![CDATA[imne6oivh830vzfxg6uwz5cnty3okklg]]></nonce_str>
<openid><![CDATA[oeZMF0X79qvpMXxeEWKFBjFITfAs]]></openid>
<out_trade_no><![CDATA[tushang8]]></out_trade_no>
<result_code><![CDATA[SUCCESS]]></result_code>
<return_code><![CDATA[SUCCESS]]></return_code>
<sign><![CDATA[14F3B4D5B34B3E770F7AB99453B82274]]></sign>
<time_end><![CDATA[20180106181904]]></time_end>
<total_fee>1</total_fee>
<trade_type><![CDATA[JSAPI]]></trade_type>
<transaction_id><![CDATA[4200000019201801069313206617]]></transaction_id>
</xml>


执行日期：2018-01-06-21：%M：%S
【succsss】:
<xml><appid><![CDATA[wx516f37a4da9dab5b]]></appid>
<bank_type><![CDATA[CFT]]></bank_type>
<cash_fee><![CDATA[1]]></cash_fee>
<device_info><![CDATA[WEB]]></device_info>
<fee_type><![CDATA[CNY]]></fee_type>
<is_subscribe><![CDATA[N]]></is_subscribe>
<mch_id><![CDATA[1489675582]]></mch_id>
<nonce_str><![CDATA[0xog8z9tx6dyzgz5frqy6rc8013f7onr]]></nonce_str>
<openid><![CDATA[oeZMF0X79qvpMXxeEWKFBjFITfAs]]></openid>
<out_trade_no><![CDATA[tushang9]]></out_trade_no>
<result_code><![CDATA[SUCCESS]]></result_code>
<return_code><![CDATA[SUCCESS]]></return_code>
<sign><![CDATA[2CCF010DA24EBA017428C4FBD6BD5E36]]></sign>
<time_end><![CDATA[20180106210152]]></time_end>
<total_fee>1</total_fee>
<trade_type><![CDATA[JSAPI]]></trade_type>
<transaction_id><![CDATA[4200000010201801069365091122]]></transaction_id>
</xml>


执行日期：2018-01-06-21：%M：%S
【succsss】:
<xml><appid><![CDATA[wx516f37a4da9dab5b]]></appid>
<bank_type><![CDATA[CFT]]></bank_type>
<cash_fee><![CDATA[1]]></cash_fee>
<device_info><![CDATA[WEB]]></device_info>
<fee_type><![CDATA[CNY]]></fee_type>
<is_subscribe><![CDATA[N]]></is_subscribe>
<mch_id><![CDATA[1489675582]]></mch_id>
<nonce_str><![CDATA[pcn91nabtdwu8aiuk9b14rgrp5nkiwwa]]></nonce_str>
<openid><![CDATA[oeZMF0X79qvpMXxeEWKFBjFITfAs]]></openid>
<out_trade_no><![CDATA[tushang103]]></out_trade_no>
<result_code><![CDATA[SUCCESS]]></result_code>
<return_code><![CDATA[SUCCESS]]></return_code>
<sign><![CDATA[A831EE0FC0C9A60CFCC806CE1304786B]]></sign>
<time_end><![CDATA[20180106213132]]></time_end>
<total_fee>1</total_fee>
<trade_type><![CDATA[JSAPI]]></trade_type>
<transaction_id><![CDATA[4200000027201801069474336166]]></transaction_id>
</xml>


执行日期：2018-01-06-21：%M：%S
【succsss】:
<xml><appid><![CDATA[wx516f37a4da9dab5b]]></appid>
<bank_type><![CDATA[CFT]]></bank_type>
<cash_fee><![CDATA[1]]></cash_fee>
<device_info><![CDATA[WEB]]></device_info>
<fee_type><![CDATA[CNY]]></fee_type>
<is_subscribe><![CDATA[N]]></is_subscribe>
<mch_id><![CDATA[1489675582]]></mch_id>
<nonce_str><![CDATA[sz1np5cgkm5wsj7abvwxzddwrohm36r2]]></nonce_str>
<openid><![CDATA[oeZMF0X79qvpMXxeEWKFBjFITfAs]]></openid>
<out_trade_no><![CDATA[tushang104]]></out_trade_no>
<result_code><![CDATA[SUCCESS]]></result_code>
<return_code><![CDATA[SUCCESS]]></return_code>
<sign><![CDATA[E8CC06B72492091C39710C804F2A2077]]></sign>
<time_end><![CDATA[20180106213342]]></time_end>
<total_fee>1</total_fee>
<trade_type><![CDATA[JSAPI]]></trade_type>
<transaction_id><![CDATA[4200000014201801069369350334]]></transaction_id>
</xml>


执行日期：2018-01-06-21：%M：%S
【succsss】:
<xml><appid><![CDATA[wx516f37a4da9dab5b]]></appid>
<bank_type><![CDATA[CFT]]></bank_type>
<cash_fee><![CDATA[1]]></cash_fee>
<device_info><![CDATA[WEB]]></device_info>
<fee_type><![CDATA[CNY]]></fee_type>
<is_subscribe><![CDATA[N]]></is_subscribe>
<mch_id><![CDATA[1489675582]]></mch_id>
<nonce_str><![CDATA[zq1kfiibe0rl6sjhjzcxyavox834tt06]]></nonce_str>
<openid><![CDATA[oeZMF0X79qvpMXxeEWKFBjFITfAs]]></openid>
<out_trade_no><![CDATA[tushang105]]></out_trade_no>
<result_code><![CDATA[SUCCESS]]></result_code>
<return_code><![CDATA[SUCCESS]]></return_code>
<sign><![CDATA[28D366D075D8852445D4748B14D539AE]]></sign>
<time_end><![CDATA[20180106213453]]></time_end>
<total_fee>1</total_fee>
<trade_type><![CDATA[JSAPI]]></trade_type>
<transaction_id><![CDATA[4200000006201801069449032977]]></transaction_id>
</xml>


执行日期：2018-01-06-21：%M：%S
【succsss】:
<xml><appid><![CDATA[wx516f37a4da9dab5b]]></appid>
<bank_type><![CDATA[CFT]]></bank_type>
<cash_fee><![CDATA[1]]></cash_fee>
<device_info><![CDATA[WEB]]></device_info>
<fee_type><![CDATA[CNY]]></fee_type>
<is_subscribe><![CDATA[N]]></is_subscribe>
<mch_id><![CDATA[1489675582]]></mch_id>
<nonce_str><![CDATA[ibmk3caf078cyb0pg5xx05bz0ss7ye4o]]></nonce_str>
<openid><![CDATA[oeZMF0X79qvpMXxeEWKFBjFITfAs]]></openid>
<out_trade_no><![CDATA[tushang106]]></out_trade_no>
<result_code><![CDATA[SUCCESS]]></result_code>
<return_code><![CDATA[SUCCESS]]></return_code>
<sign><![CDATA[9C9FFD4E26C9E5F2B30857720CA5DD0E]]></sign>
<time_end><![CDATA[20180106213812]]></time_end>
<total_fee>1</total_fee>
<trade_type><![CDATA[JSAPI]]></trade_type>
<transaction_id><![CDATA[4200000015201801069477274538]]></transaction_id>
</xml>


执行日期：2018-01-06-21：%M：%S
【succsss】:
<xml><appid><![CDATA[wx516f37a4da9dab5b]]></appid>
<bank_type><![CDATA[CFT]]></bank_type>
<cash_fee><![CDATA[1]]></cash_fee>
<device_info><![CDATA[WEB]]></device_info>
<fee_type><![CDATA[CNY]]></fee_type>
<is_subscribe><![CDATA[N]]></is_subscribe>
<mch_id><![CDATA[1489675582]]></mch_id>
<nonce_str><![CDATA[89vw754kmxpud8wygbbt7rylhq5bhsg1]]></nonce_str>
<openid><![CDATA[oeZMF0X79qvpMXxeEWKFBjFITfAs]]></openid>
<out_trade_no><![CDATA[tushang107]]></out_trade_no>
<result_code><![CDATA[SUCCESS]]></result_code>
<return_code><![CDATA[SUCCESS]]></return_code>
<sign><![CDATA[E78DCA7FECE905BF563DF827F41D0D09]]></sign>
<time_end><![CDATA[20180106213923]]></time_end>
<total_fee>1</total_fee>
<trade_type><![CDATA[JSAPI]]></trade_type>
<transaction_id><![CDATA[4200000022201801069350888214]]></transaction_id>
</xml>


执行日期：2018-01-06-21：%M：%S
【succsss】:
<xml><appid><![CDATA[wx516f37a4da9dab5b]]></appid>
<bank_type><![CDATA[CFT]]></bank_type>
<cash_fee><![CDATA[1]]></cash_fee>
<device_info><![CDATA[WEB]]></device_info>
<fee_type><![CDATA[CNY]]></fee_type>
<is_subscribe><![CDATA[N]]></is_subscribe>
<mch_id><![CDATA[1489675582]]></mch_id>
<nonce_str><![CDATA[84n0fqy7dcotrt3k2walsj9kfjzxkxzu]]></nonce_str>
<openid><![CDATA[oeZMF0X79qvpMXxeEWKFBjFITfAs]]></openid>
<out_trade_no><![CDATA[tushang108]]></out_trade_no>
<result_code><![CDATA[SUCCESS]]></result_code>
<return_code><![CDATA[SUCCESS]]></return_code>
<sign><![CDATA[39EA567345E2B2033B0D0E137EF168FB]]></sign>
<time_end><![CDATA[20180106214221]]></time_end>
<total_fee>1</total_fee>
<trade_type><![CDATA[JSAPI]]></trade_type>
<transaction_id><![CDATA[4200000015201801069465311608]]></transaction_id>
</xml>


执行日期：2018-01-06-21：%M：%S
【succsss】:
<xml><appid><![CDATA[wx516f37a4da9dab5b]]></appid>
<bank_type><![CDATA[CFT]]></bank_type>
<cash_fee><![CDATA[1]]></cash_fee>
<device_info><![CDATA[WEB]]></device_info>
<fee_type><![CDATA[CNY]]></fee_type>
<is_subscribe><![CDATA[N]]></is_subscribe>
<mch_id><![CDATA[1489675582]]></mch_id>
<nonce_str><![CDATA[55u5i1o3ux8koojjxpxnttva0ky2upeh]]></nonce_str>
<openid><![CDATA[oeZMF0X79qvpMXxeEWKFBjFITfAs]]></openid>
<out_trade_no><![CDATA[tushang109]]></out_trade_no>
<result_code><![CDATA[SUCCESS]]></result_code>
<return_code><![CDATA[SUCCESS]]></return_code>
<sign><![CDATA[8493177E6E258F535761EA98CD74C4A0]]></sign>
<time_end><![CDATA[20180106214949]]></time_end>
<total_fee>1</total_fee>
<trade_type><![CDATA[JSAPI]]></trade_type>
<transaction_id><![CDATA[4200000015201801069357184275]]></transaction_id>
</xml>


执行日期：2018-01-06-21：%M：%S
【succsss】:
<xml><appid><![CDATA[wx516f37a4da9dab5b]]></appid>
<bank_type><![CDATA[CFT]]></bank_type>
<cash_fee><![CDATA[1]]></cash_fee>
<device_info><![CDATA[WEB]]></device_info>
<fee_type><![CDATA[CNY]]></fee_type>
<is_subscribe><![CDATA[N]]></is_subscribe>
<mch_id><![CDATA[1489675582]]></mch_id>
<nonce_str><![CDATA[ak5dibktxtmq3yh2vcdy6ra17kthblhs]]></nonce_str>
<openid><![CDATA[oeZMF0X79qvpMXxeEWKFBjFITfAs]]></openid>
<out_trade_no><![CDATA[tushang101]]></out_trade_no>
<result_code><![CDATA[SUCCESS]]></result_code>
<return_code><![CDATA[SUCCESS]]></return_code>
<sign><![CDATA[183454D816D2CA446E5CAB4619BB2EE8]]></sign>
<time_end><![CDATA[20180106215058]]></time_end>
<total_fee>1</total_fee>
<trade_type><![CDATA[JSAPI]]></trade_type>
<transaction_id><![CDATA[4200000015201801069304030734]]></transaction_id>
</xml>


执行日期：2018-01-06-22：%M：%S
【succsss】:
<xml><appid><![CDATA[wx516f37a4da9dab5b]]></appid>
<bank_type><![CDATA[CFT]]></bank_type>
<cash_fee><![CDATA[1]]></cash_fee>
<device_info><![CDATA[WEB]]></device_info>
<fee_type><![CDATA[CNY]]></fee_type>
<is_subscribe><![CDATA[N]]></is_subscribe>
<mch_id><![CDATA[1489675582]]></mch_id>
<nonce_str><![CDATA[rmu4bppxg1etdzu9z9afjpspa49m4mto]]></nonce_str>
<openid><![CDATA[oeZMF0X79qvpMXxeEWKFBjFITfAs]]></openid>
<out_trade_no><![CDATA[tushang110]]></out_trade_no>
<result_code><![CDATA[SUCCESS]]></result_code>
<return_code><![CDATA[SUCCESS]]></return_code>
<sign><![CDATA[C3AF32953CC57A76D4DEFE5F967EA5EF]]></sign>
<time_end><![CDATA[20180106222509]]></time_end>
<total_fee>1</total_fee>
<trade_type><![CDATA[JSAPI]]></trade_type>
<transaction_id><![CDATA[4200000009201801069357788975]]></transaction_id>
</xml>


执行日期：2018-01-06-22：%M：%S
【succsss】:
<xml><appid><![CDATA[wx516f37a4da9dab5b]]></appid>
<bank_type><![CDATA[CFT]]></bank_type>
<cash_fee><![CDATA[1]]></cash_fee>
<device_info><![CDATA[WEB]]></device_info>
<fee_type><![CDATA[CNY]]></fee_type>
<is_subscribe><![CDATA[N]]></is_subscribe>
<mch_id><![CDATA[1489675582]]></mch_id>
<nonce_str><![CDATA[h4073nvtq7mqjaqogt2hskzhmjz6elmo]]></nonce_str>
<openid><![CDATA[oeZMF0X79qvpMXxeEWKFBjFITfAs]]></openid>
<out_trade_no><![CDATA[tushang111]]></out_trade_no>
<result_code><![CDATA[SUCCESS]]></result_code>
<return_code><![CDATA[SUCCESS]]></return_code>
<sign><![CDATA[A5689B7DBD6CCD7E2203419E44DD1A75]]></sign>
<time_end><![CDATA[20180106223318]]></time_end>
<total_fee>1</total_fee>
<trade_type><![CDATA[JSAPI]]></trade_type>
<transaction_id><![CDATA[4200000030201801069460879579]]></transaction_id>
</xml>


执行日期：2018-01-06-23：%M：%S
【succsss】:
<xml><appid><![CDATA[wx516f37a4da9dab5b]]></appid>
<bank_type><![CDATA[CFT]]></bank_type>
<cash_fee><![CDATA[1]]></cash_fee>
<device_info><![CDATA[WEB]]></device_info>
<fee_type><![CDATA[CNY]]></fee_type>
<is_subscribe><![CDATA[N]]></is_subscribe>
<mch_id><![CDATA[1489675582]]></mch_id>
<nonce_str><![CDATA[mzfna0anjldrnvzkwayfhga3tk2yk7r4]]></nonce_str>
<openid><![CDATA[oeZMF0X79qvpMXxeEWKFBjFITfAs]]></openid>
<out_trade_no><![CDATA[tushang102]]></out_trade_no>
<result_code><![CDATA[SUCCESS]]></result_code>
<return_code><![CDATA[SUCCESS]]></return_code>
<sign><![CDATA[376B5B2729B353FCB543BF53A8F64D8F]]></sign>
<time_end><![CDATA[20180106230309]]></time_end>
<total_fee>1</total_fee>
<trade_type><![CDATA[JSAPI]]></trade_type>
<transaction_id><![CDATA[4200000028201801069427303927]]></transaction_id>
</xml>


执行日期：2018-01-07-13：%M：%S
【succsss】:
<xml><appid><![CDATA[wx516f37a4da9dab5b]]></appid>
<bank_type><![CDATA[CFT]]></bank_type>
<cash_fee><![CDATA[1]]></cash_fee>
<device_info><![CDATA[WEB]]></device_info>
<fee_type><![CDATA[CNY]]></fee_type>
<is_subscribe><![CDATA[N]]></is_subscribe>
<mch_id><![CDATA[1489675582]]></mch_id>
<nonce_str><![CDATA[b0g2orbauxk3sbsm89f257m7n101v2e1]]></nonce_str>
<openid><![CDATA[oeZMF0ZENOReFvcU6FBoLU_NHEbo]]></openid>
<out_trade_no><![CDATA[tushang112]]></out_trade_no>
<result_code><![CDATA[SUCCESS]]></result_code>
<return_code><![CDATA[SUCCESS]]></return_code>
<sign><![CDATA[5AF7AA16F66EBB30542445C3484D4900]]></sign>
<time_end><![CDATA[20180107131357]]></time_end>
<total_fee>1</total_fee>
<trade_type><![CDATA[JSAPI]]></trade_type>
<transaction_id><![CDATA[4200000026201801079722553032]]></transaction_id>
</xml>


执行日期：2018-01-07-13：%M：%S
【succsss】:
<xml><appid><![CDATA[wx516f37a4da9dab5b]]></appid>
<bank_type><![CDATA[CFT]]></bank_type>
<cash_fee><![CDATA[1]]></cash_fee>
<device_info><![CDATA[WEB]]></device_info>
<fee_type><![CDATA[CNY]]></fee_type>
<is_subscribe><![CDATA[N]]></is_subscribe>
<mch_id><![CDATA[1489675582]]></mch_id>
<nonce_str><![CDATA[cfq7zjir8qcd0x707gx4h1c7sjru9lqk]]></nonce_str>
<openid><![CDATA[oeZMF0ZENOReFvcU6FBoLU_NHEbo]]></openid>
<out_trade_no><![CDATA[tushang113]]></out_trade_no>
<result_code><![CDATA[SUCCESS]]></result_code>
<return_code><![CDATA[SUCCESS]]></return_code>
<sign><![CDATA[92EF206827A883263053DE14D7282BBD]]></sign>
<time_end><![CDATA[20180107131501]]></time_end>
<total_fee>1</total_fee>
<trade_type><![CDATA[JSAPI]]></trade_type>
<transaction_id><![CDATA[4200000025201801079730567052]]></transaction_id>
</xml>


执行日期：2018-01-07-13：%M：%S
【succsss】:
<xml><appid><![CDATA[wx516f37a4da9dab5b]]></appid>
<bank_type><![CDATA[CFT]]></bank_type>
<cash_fee><![CDATA[1]]></cash_fee>
<device_info><![CDATA[WEB]]></device_info>
<fee_type><![CDATA[CNY]]></fee_type>
<is_subscribe><![CDATA[N]]></is_subscribe>
<mch_id><![CDATA[1489675582]]></mch_id>
<nonce_str><![CDATA[kwmeml8tducjuicerjnitydeuk4ymw1z]]></nonce_str>
<openid><![CDATA[oeZMF0ZENOReFvcU6FBoLU_NHEbo]]></openid>
<out_trade_no><![CDATA[tushang114]]></out_trade_no>
<result_code><![CDATA[SUCCESS]]></result_code>
<return_code><![CDATA[SUCCESS]]></return_code>
<sign><![CDATA[5DB846D6DAEFC450A990C5D18218ED43]]></sign>
<time_end><![CDATA[20180107131539]]></time_end>
<total_fee>1</total_fee>
<trade_type><![CDATA[JSAPI]]></trade_type>
<transaction_id><![CDATA[4200000005201801079771463529]]></transaction_id>
</xml>


执行日期：2018-01-07-13：%M：%S
【succsss】:
<xml><appid><![CDATA[wx516f37a4da9dab5b]]></appid>
<bank_type><![CDATA[CFT]]></bank_type>
<cash_fee><![CDATA[1]]></cash_fee>
<device_info><![CDATA[WEB]]></device_info>
<fee_type><![CDATA[CNY]]></fee_type>
<is_subscribe><![CDATA[N]]></is_subscribe>
<mch_id><![CDATA[1489675582]]></mch_id>
<nonce_str><![CDATA[10kbegu8as1kybijiqvqoigiy7xzaeum]]></nonce_str>
<openid><![CDATA[oeZMF0X79qvpMXxeEWKFBjFITfAs]]></openid>
<out_trade_no><![CDATA[tushang115]]></out_trade_no>
<result_code><![CDATA[SUCCESS]]></result_code>
<return_code><![CDATA[SUCCESS]]></return_code>
<sign><![CDATA[D73CE2701E7A5641E562812F7F466B5D]]></sign>
<time_end><![CDATA[20180107131751]]></time_end>
<total_fee>1</total_fee>
<trade_type><![CDATA[JSAPI]]></trade_type>
<transaction_id><![CDATA[4200000019201801079701195081]]></transaction_id>
</xml>


执行日期：2018-01-07-13：%M：%S
【succsss】:
<xml><appid><![CDATA[wx516f37a4da9dab5b]]></appid>
<bank_type><![CDATA[CFT]]></bank_type>
<cash_fee><![CDATA[1]]></cash_fee>
<device_info><![CDATA[WEB]]></device_info>
<fee_type><![CDATA[CNY]]></fee_type>
<is_subscribe><![CDATA[N]]></is_subscribe>
<mch_id><![CDATA[1489675582]]></mch_id>
<nonce_str><![CDATA[lgp5rei5m8tb1gtb2fas0ghp8m7rhin6]]></nonce_str>
<openid><![CDATA[oeZMF0VtrkxLo-AhTbTmXO4c0MJc]]></openid>
<out_trade_no><![CDATA[tushang117]]></out_trade_no>
<result_code><![CDATA[SUCCESS]]></result_code>
<return_code><![CDATA[SUCCESS]]></return_code>
<sign><![CDATA[34393D14B794882997DA092CD448417E]]></sign>
<time_end><![CDATA[20180107135634]]></time_end>
<total_fee>1</total_fee>
<trade_type><![CDATA[JSAPI]]></trade_type>
<transaction_id><![CDATA[4200000013201801079839245283]]></transaction_id>
</xml>


执行日期：2018-01-07-14：%M：%S
【succsss】:
<xml><appid><![CDATA[wx516f37a4da9dab5b]]></appid>
<bank_type><![CDATA[CMB_DEBIT]]></bank_type>
<cash_fee><![CDATA[188]]></cash_fee>
<device_info><![CDATA[WEB]]></device_info>
<fee_type><![CDATA[CNY]]></fee_type>
<is_subscribe><![CDATA[N]]></is_subscribe>
<mch_id><![CDATA[1489675582]]></mch_id>
<nonce_str><![CDATA[se0ehrzog00k61suifl8c1c0qc2j4ltm]]></nonce_str>
<openid><![CDATA[oeZMF0VtrkxLo-AhTbTmXO4c0MJc]]></openid>
<out_trade_no><![CDATA[tushang124]]></out_trade_no>
<result_code><![CDATA[SUCCESS]]></result_code>
<return_code><![CDATA[SUCCESS]]></return_code>
<sign><![CDATA[9BFF2661239E038004C70BC7D068544C]]></sign>
<time_end><![CDATA[20180107140833]]></time_end>
<total_fee>188</total_fee>
<trade_type><![CDATA[JSAPI]]></trade_type>
<transaction_id><![CDATA[4200000027201801079753329508]]></transaction_id>
</xml>


执行日期：2018-01-07-14：%M：%S
【succsss】:
<xml><appid><![CDATA[wx516f37a4da9dab5b]]></appid>
<bank_type><![CDATA[CMB_DEBIT]]></bank_type>
<cash_fee><![CDATA[188]]></cash_fee>
<device_info><![CDATA[WEB]]></device_info>
<fee_type><![CDATA[CNY]]></fee_type>
<is_subscribe><![CDATA[N]]></is_subscribe>
<mch_id><![CDATA[1489675582]]></mch_id>
<nonce_str><![CDATA[g7pdas8m0n6bp4ll6b7m6zcmnpjpgan6]]></nonce_str>
<openid><![CDATA[oeZMF0VtrkxLo-AhTbTmXO4c0MJc]]></openid>
<out_trade_no><![CDATA[tushang125]]></out_trade_no>
<result_code><![CDATA[SUCCESS]]></result_code>
<return_code><![CDATA[SUCCESS]]></return_code>
<sign><![CDATA[703207063FCD5FDACAB907657FD6C643]]></sign>
<time_end><![CDATA[20180107141215]]></time_end>
<total_fee>188</total_fee>
<trade_type><![CDATA[JSAPI]]></trade_type>
<transaction_id><![CDATA[4200000001201801079792776975]]></transaction_id>
</xml>


